{"/home/sergei/Desktop/system/packages/graph-analyzer/src/core/ast-parser.ts": {"path":"/home/sergei/Desktop/system/packages/graph-analyzer/src/core/ast-parser.ts","statementMap":{"0":{"start":{"line":10,"column":29},"end":{"line":10,"column":null}},"1":{"start":{"line":11,"column":33},"end":{"line":27,"column":null}},"2":{"start":{"line":28,"column":27},"end":{"line":28,"column":null}},"3":{"start":{"line":34,"column":2},"end":{"line":65,"column":null}},"4":{"start":{"line":35,"column":15},"end":{"line":35,"column":null}},"5":{"start":{"line":37,"column":4},"end":{"line":49,"column":null}},"6":{"start":{"line":38,"column":26},"end":{"line":38,"column":null}},"7":{"start":{"line":39,"column":6},"end":{"line":42,"column":null}},"8":{"start":{"line":40,"column":8},"end":{"line":40,"column":null}},"9":{"start":{"line":41,"column":8},"end":{"line":41,"column":null}},"10":{"start":{"line":43,"column":6},"end":{"line":48,"column":null}},"11":{"start":{"line":44,"column":8},"end":{"line":44,"column":null}},"12":{"start":{"line":46,"column":8},"end":{"line":46,"column":null}},"13":{"start":{"line":47,"column":8},"end":{"line":47,"column":null}},"14":{"start":{"line":51,"column":4},"end":{"line":58,"column":null}},"15":{"start":{"line":60,"column":4},"end":{"line":63,"column":null}},"16":{"start":{"line":64,"column":4},"end":{"line":64,"column":null}},"17":{"start":{"line":69,"column":2},"end":{"line":70,"column":null}},"18":{"start":{"line":75,"column":19},"end":{"line":75,"column":null}},"19":{"start":{"line":76,"column":2},"end":{"line":76,"column":null}},"20":{"start":{"line":76,"column":65},"end":{"line":76,"column":null}},"21":{"start":{"line":78,"column":2},"end":{"line":86,"column":null}},"22":{"start":{"line":79,"column":20},"end":{"line":79,"column":null}},"23":{"start":{"line":80,"column":4},"end":{"line":80,"column":null}},"24":{"start":{"line":80,"column":32},"end":{"line":80,"column":null}},"25":{"start":{"line":82,"column":4},"end":{"line":85,"column":null}},"26":{"start":{"line":83,"column":22},"end":{"line":83,"column":null}},"27":{"start":{"line":84,"column":6},"end":{"line":84,"column":null}},"28":{"start":{"line":84,"column":34},"end":{"line":84,"column":null}},"29":{"start":{"line":87,"column":2},"end":{"line":87,"column":null}},"30":{"start":{"line":95,"column":2},"end":{"line":111,"column":null}},"31":{"start":{"line":96,"column":18},"end":{"line":96,"column":null}},"32":{"start":{"line":97,"column":4},"end":{"line":105,"column":null}},"33":{"start":{"line":98,"column":19},"end":{"line":98,"column":null}},"34":{"start":{"line":99,"column":6},"end":{"line":99,"column":null}},"35":{"start":{"line":99,"column":36},"end":{"line":99,"column":52}},"36":{"start":{"line":99,"column":55},"end":{"line":99,"column":null}},"37":{"start":{"line":100,"column":6},"end":{"line":104,"column":null}},"38":{"start":{"line":101,"column":8},"end":{"line":101,"column":null}},"39":{"start":{"line":102,"column":13},"end":{"line":104,"column":null}},"40":{"start":{"line":103,"column":8},"end":{"line":103,"column":null}},"41":{"start":{"line":107,"column":4},"end":{"line":110,"column":null}},"42":{"start":{"line":112,"column":2},"end":{"line":112,"column":null}}},"fnMap":{"0":{"name":"parseFile","decl":{"start":{"line":33,"column":16},"end":{"line":33,"column":26}},"loc":{"start":{"line":33,"column":49},"end":{"line":66,"column":null}},"line":33},"1":{"name":"isExternalModule","decl":{"start":{"line":68,"column":16},"end":{"line":68,"column":33}},"loc":{"start":{"line":68,"column":64},"end":{"line":72,"column":null}},"line":68},"2":{"name":"resolveFilePath","decl":{"start":{"line":74,"column":16},"end":{"line":74,"column":32}},"loc":{"start":{"line":74,"column":84},"end":{"line":88,"column":null}},"line":74},"3":{"name":"getAllProjectFiles","decl":{"start":{"line":90,"column":16},"end":{"line":90,"column":null}},"loc":{"start":{"line":94,"column":12},"end":{"line":113,"column":null}},"line":94},"4":{"name":"(anonymous_4)","decl":{"start":{"line":99,"column":26},"end":{"line":99,"column":31}},"loc":{"start":{"line":99,"column":36},"end":{"line":99,"column":52}},"line":99}},"branchMap":{"0":{"loc":{"start":{"line":37,"column":4},"end":{"line":49,"column":null}},"type":"if","locations":[{"start":{"line":37,"column":4},"end":{"line":49,"column":null}},{"start":{},"end":{}}],"line":37},"1":{"loc":{"start":{"line":39,"column":6},"end":{"line":42,"column":null}},"type":"if","locations":[{"start":{"line":39,"column":6},"end":{"line":42,"column":null}},{"start":{},"end":{}}],"line":39},"2":{"loc":{"start":{"line":43,"column":6},"end":{"line":48,"column":null}},"type":"if","locations":[{"start":{"line":43,"column":6},"end":{"line":48,"column":null}},{"start":{"line":45,"column":13},"end":{"line":48,"column":null}}],"line":43},"3":{"loc":{"start":{"line":62,"column":6},"end":{"line":62,"column":null}},"type":"cond-expr","locations":[{"start":{"line":62,"column":27},"end":{"line":62,"column":39}},{"start":{"line":62,"column":39},"end":{"line":62,"column":null}}],"line":62},"4":{"loc":{"start":{"line":70,"column":4},"end":{"line":70,"column":null}},"type":"binary-expr","locations":[{"start":{"line":70,"column":4},"end":{"line":70,"column":37}},{"start":{"line":70,"column":37},"end":{"line":70,"column":70}},{"start":{"line":70,"column":70},"end":{"line":70,"column":null}}],"line":70},"5":{"loc":{"start":{"line":76,"column":2},"end":{"line":76,"column":null}},"type":"if","locations":[{"start":{"line":76,"column":2},"end":{"line":76,"column":null}},{"start":{},"end":{}}],"line":76},"6":{"loc":{"start":{"line":76,"column":6},"end":{"line":76,"column":65}},"type":"binary-expr","locations":[{"start":{"line":76,"column":6},"end":{"line":76,"column":33}},{"start":{"line":76,"column":33},"end":{"line":76,"column":65}}],"line":76},"7":{"loc":{"start":{"line":80,"column":4},"end":{"line":80,"column":null}},"type":"if","locations":[{"start":{"line":80,"column":4},"end":{"line":80,"column":null}},{"start":{},"end":{}}],"line":80},"8":{"loc":{"start":{"line":82,"column":4},"end":{"line":85,"column":null}},"type":"if","locations":[{"start":{"line":82,"column":4},"end":{"line":85,"column":null}},{"start":{},"end":{}}],"line":82},"9":{"loc":{"start":{"line":84,"column":6},"end":{"line":84,"column":null}},"type":"if","locations":[{"start":{"line":84,"column":6},"end":{"line":84,"column":null}},{"start":{},"end":{}}],"line":84},"10":{"loc":{"start":{"line":92,"column":2},"end":{"line":92,"column":null}},"type":"default-arg","locations":[{"start":{"line":92,"column":24},"end":{"line":92,"column":null}}],"line":92},"11":{"loc":{"start":{"line":93,"column":2},"end":{"line":93,"column":null}},"type":"default-arg","locations":[{"start":{"line":93,"column":30},"end":{"line":93,"column":null}}],"line":93},"12":{"loc":{"start":{"line":99,"column":6},"end":{"line":99,"column":null}},"type":"if","locations":[{"start":{"line":99,"column":6},"end":{"line":99,"column":null}},{"start":{},"end":{}}],"line":99},"13":{"loc":{"start":{"line":100,"column":6},"end":{"line":104,"column":null}},"type":"if","locations":[{"start":{"line":100,"column":6},"end":{"line":104,"column":null}},{"start":{"line":102,"column":13},"end":{"line":104,"column":null}}],"line":100},"14":{"loc":{"start":{"line":102,"column":13},"end":{"line":104,"column":null}},"type":"if","locations":[{"start":{"line":102,"column":13},"end":{"line":104,"column":null}},{"start":{},"end":{}}],"line":102},"15":{"loc":{"start":{"line":109,"column":6},"end":{"line":109,"column":null}},"type":"cond-expr","locations":[{"start":{"line":109,"column":31},"end":{"line":109,"column":47}},{"start":{"line":109,"column":47},"end":{"line":109,"column":null}}],"line":109}},"s":{"0":1,"1":1,"2":1,"3":0,"4":0,"5":0,"6":0,"7":0,"8":0,"9":0,"10":0,"11":0,"12":0,"13":0,"14":0,"15":0,"16":0,"17":0,"18":0,"19":0,"20":0,"21":0,"22":0,"23":0,"24":0,"25":0,"26":0,"27":0,"28":0,"29":0,"30":0,"31":0,"32":0,"33":0,"34":0,"35":0,"36":0,"37":0,"38":0,"39":0,"40":0,"41":0,"42":0},"f":{"0":0,"1":0,"2":0,"3":0,"4":0},"b":{"0":[0,0],"1":[0,0],"2":[0,0],"3":[0,0],"4":[0,0,0],"5":[0,0],"6":[0,0],"7":[0,0],"8":[0,0],"9":[0,0],"10":[0],"11":[0],"12":[0,0],"13":[0,0],"14":[0,0],"15":[0,0]},"meta":{"lastBranch":16,"lastFunction":5,"lastStatement":43,"seen":{"s:10:29:10:Infinity":0,"s:11:33:27:Infinity":1,"s:28:27:28:Infinity":2,"f:33:16:33:26":0,"s:34:2:65:Infinity":3,"s:35:15:35:Infinity":4,"b:37:4:49:Infinity:undefined:undefined:undefined:undefined":0,"s:37:4:49:Infinity":5,"s:38:26:38:Infinity":6,"b:39:6:42:Infinity:undefined:undefined:undefined:undefined":1,"s:39:6:42:Infinity":7,"s:40:8:40:Infinity":8,"s:41:8:41:Infinity":9,"b:43:6:48:Infinity:45:13:48:Infinity":2,"s:43:6:48:Infinity":10,"s:44:8:44:Infinity":11,"s:46:8:46:Infinity":12,"s:47:8:47:Infinity":13,"s:51:4:58:Infinity":14,"s:60:4:63:Infinity":15,"b:62:27:62:39:62:39:62:Infinity":3,"s:64:4:64:Infinity":16,"f:68:16:68:33":1,"s:69:2:70:Infinity":17,"b:70:4:70:37:70:37:70:70:70:70:70:Infinity":4,"f:74:16:74:32":2,"s:75:19:75:Infinity":18,"b:76:2:76:Infinity:undefined:undefined:undefined:undefined":5,"s:76:2:76:Infinity":19,"b:76:6:76:33:76:33:76:65":6,"s:76:65:76:Infinity":20,"s:78:2:86:Infinity":21,"s:79:20:79:Infinity":22,"b:80:4:80:Infinity:undefined:undefined:undefined:undefined":7,"s:80:4:80:Infinity":23,"s:80:32:80:Infinity":24,"b:82:4:85:Infinity:undefined:undefined:undefined:undefined":8,"s:82:4:85:Infinity":25,"s:83:22:83:Infinity":26,"b:84:6:84:Infinity:undefined:undefined:undefined:undefined":9,"s:84:6:84:Infinity":27,"s:84:34:84:Infinity":28,"s:87:2:87:Infinity":29,"f:90:16:90:Infinity":3,"b:92:24:92:Infinity":10,"b:93:30:93:Infinity":11,"s:95:2:111:Infinity":30,"s:96:18:96:Infinity":31,"s:97:4:105:Infinity":32,"s:98:19:98:Infinity":33,"b:99:6:99:Infinity:undefined:undefined:undefined:undefined":12,"s:99:6:99:Infinity":34,"f:99:26:99:31":4,"s:99:36:99:52":35,"s:99:55:99:Infinity":36,"b:100:6:104:Infinity:102:13:104:Infinity":13,"s:100:6:104:Infinity":37,"s:101:8:101:Infinity":38,"b:102:13:104:Infinity:undefined:undefined:undefined:undefined":14,"s:102:13:104:Infinity":39,"s:103:8:103:Infinity":40,"s:107:4:110:Infinity":41,"b:109:31:109:47:109:47:109:Infinity":15,"s:112:2:112:Infinity":42}}}
,"/home/sergei/Desktop/system/packages/graph-analyzer/src/core/minifier.ts": {"path":"/home/sergei/Desktop/system/packages/graph-analyzer/src/core/minifier.ts","statementMap":{"0":{"start":{"line":13,"column":2},"end":{"line":13,"column":null}},"1":{"start":{"line":13,"column":12},"end":{"line":13,"column":null}},"2":{"start":{"line":15,"column":75},"end":{"line":15,"column":null}},"3":{"start":{"line":17,"column":2},"end":{"line":65,"column":null}},"4":{"start":{"line":20,"column":6},"end":{"line":33,"column":null}},"5":{"start":{"line":26,"column":8},"end":{"line":32,"column":null}},"6":{"start":{"line":27,"column":10},"end":{"line":31,"column":null}},"7":{"start":{"line":36,"column":6},"end":{"line":48,"column":null}},"8":{"start":{"line":41,"column":8},"end":{"line":47,"column":null}},"9":{"start":{"line":42,"column":10},"end":{"line":46,"column":null}},"10":{"start":{"line":51,"column":6},"end":{"line":63,"column":null}},"11":{"start":{"line":56,"column":8},"end":{"line":62,"column":null}},"12":{"start":{"line":57,"column":10},"end":{"line":61,"column":null}},"13":{"start":{"line":68,"column":2},"end":{"line":68,"column":null}},"14":{"start":{"line":68,"column":22},"end":{"line":68,"column":39}},"15":{"start":{"line":69,"column":21},"end":{"line":69,"column":null}},"16":{"start":{"line":70,"column":2},"end":{"line":72,"column":null}},"17":{"start":{"line":71,"column":4},"end":{"line":71,"column":null}},"18":{"start":{"line":75,"column":2},"end":{"line":75,"column":null}},"19":{"start":{"line":84,"column":15},"end":{"line":84,"column":null}},"20":{"start":{"line":85,"column":8},"end":{"line":85,"column":null}},"21":{"start":{"line":86,"column":2},"end":{"line":86,"column":null}}},"fnMap":{"0":{"name":"minifyCodeString","decl":{"start":{"line":12,"column":16},"end":{"line":12,"column":33}},"loc":{"start":{"line":12,"column":65},"end":{"line":76,"column":null}},"line":12},"1":{"name":"enter","decl":{"start":{"line":18,"column":4},"end":{"line":18,"column":10}},"loc":{"start":{"line":18,"column":21},"end":{"line":64,"column":null}},"line":18},"2":{"name":"(anonymous_2)","decl":{"start":{"line":68,"column":7},"end":{"line":68,"column":13}},"loc":{"start":{"line":68,"column":22},"end":{"line":68,"column":39}},"line":68},"3":{"name":"minifyForAI","decl":{"start":{"line":83,"column":16},"end":{"line":83,"column":28}},"loc":{"start":{"line":83,"column":54},"end":{"line":87,"column":null}},"line":83}},"branchMap":{"0":{"loc":{"start":{"line":13,"column":2},"end":{"line":13,"column":null}},"type":"if","locations":[{"start":{"line":13,"column":2},"end":{"line":13,"column":null}},{"start":{},"end":{}}],"line":13},"1":{"loc":{"start":{"line":20,"column":6},"end":{"line":33,"column":null}},"type":"if","locations":[{"start":{"line":20,"column":6},"end":{"line":33,"column":null}},{"start":{},"end":{}}],"line":20},"2":{"loc":{"start":{"line":20,"column":6},"end":{"line":24,"column":null}},"type":"binary-expr","locations":[{"start":{"line":21,"column":9},"end":{"line":21,"column":null}},{"start":{"line":22,"column":10},"end":{"line":22,"column":null}},{"start":{"line":23,"column":10},"end":{"line":23,"column":null}},{"start":{"line":24,"column":8},"end":{"line":24,"column":null}}],"line":20},"3":{"loc":{"start":{"line":26,"column":8},"end":{"line":32,"column":null}},"type":"if","locations":[{"start":{"line":26,"column":8},"end":{"line":32,"column":null}},{"start":{},"end":{}}],"line":26},"4":{"loc":{"start":{"line":26,"column":12},"end":{"line":26,"column":72}},"type":"binary-expr","locations":[{"start":{"line":26,"column":12},"end":{"line":26,"column":31}},{"start":{"line":26,"column":31},"end":{"line":26,"column":72}}],"line":26},"5":{"loc":{"start":{"line":36,"column":6},"end":{"line":48,"column":null}},"type":"if","locations":[{"start":{"line":36,"column":6},"end":{"line":48,"column":null}},{"start":{},"end":{}}],"line":36},"6":{"loc":{"start":{"line":37,"column":8},"end":{"line":39,"column":null}},"type":"binary-expr","locations":[{"start":{"line":37,"column":8},"end":{"line":37,"column":null}},{"start":{"line":38,"column":8},"end":{"line":38,"column":null}},{"start":{"line":39,"column":8},"end":{"line":39,"column":null}}],"line":37},"7":{"loc":{"start":{"line":41,"column":8},"end":{"line":47,"column":null}},"type":"if","locations":[{"start":{"line":41,"column":8},"end":{"line":47,"column":null}},{"start":{},"end":{}}],"line":41},"8":{"loc":{"start":{"line":51,"column":6},"end":{"line":63,"column":null}},"type":"if","locations":[{"start":{"line":51,"column":6},"end":{"line":63,"column":null}},{"start":{},"end":{}}],"line":51},"9":{"loc":{"start":{"line":52,"column":8},"end":{"line":54,"column":null}},"type":"binary-expr","locations":[{"start":{"line":52,"column":8},"end":{"line":52,"column":null}},{"start":{"line":53,"column":8},"end":{"line":53,"column":null}},{"start":{"line":54,"column":8},"end":{"line":54,"column":null}}],"line":52},"10":{"loc":{"start":{"line":56,"column":8},"end":{"line":62,"column":null}},"type":"if","locations":[{"start":{"line":56,"column":8},"end":{"line":62,"column":null}},{"start":{},"end":{}}],"line":56}},"s":{"0":8,"1":1,"2":7,"3":7,"4":273,"5":7,"6":7,"7":273,"8":1,"9":1,"10":273,"11":4,"12":4,"13":7,"14":7,"15":7,"16":7,"17":12,"18":7,"19":0,"20":0,"21":0},"f":{"0":8,"1":273,"2":7,"3":0},"b":{"0":[1,7],"1":[7,266],"2":[273,269,266,9],"3":[7,0],"4":[7,7],"5":[1,272],"6":[273,1,1],"7":[1,0],"8":[4,269],"9":[273,6,6],"10":[4,0]},"meta":{"lastBranch":11,"lastFunction":4,"lastStatement":22,"seen":{"f:12:16:12:33":0,"b:13:2:13:Infinity:undefined:undefined:undefined:undefined":0,"s:13:2:13:Infinity":0,"s:13:12:13:Infinity":1,"s:15:75:15:Infinity":2,"s:17:2:65:Infinity":3,"f:18:4:18:10":1,"b:20:6:33:Infinity:undefined:undefined:undefined:undefined":1,"s:20:6:33:Infinity":4,"b:21:9:21:Infinity:22:10:22:Infinity:23:10:23:Infinity:24:8:24:Infinity":2,"b:26:8:32:Infinity:undefined:undefined:undefined:undefined":3,"s:26:8:32:Infinity":5,"b:26:12:26:31:26:31:26:72":4,"s:27:10:31:Infinity":6,"b:36:6:48:Infinity:undefined:undefined:undefined:undefined":5,"s:36:6:48:Infinity":7,"b:37:8:37:Infinity:38:8:38:Infinity:39:8:39:Infinity":6,"b:41:8:47:Infinity:undefined:undefined:undefined:undefined":7,"s:41:8:47:Infinity":8,"s:42:10:46:Infinity":9,"b:51:6:63:Infinity:undefined:undefined:undefined:undefined":8,"s:51:6:63:Infinity":10,"b:52:8:52:Infinity:53:8:53:Infinity:54:8:54:Infinity":9,"b:56:8:62:Infinity:undefined:undefined:undefined:undefined":10,"s:56:8:62:Infinity":11,"s:57:10:61:Infinity":12,"s:68:2:68:Infinity":13,"f:68:7:68:13":2,"s:68:22:68:39":14,"s:69:21:69:Infinity":15,"s:70:2:72:Infinity":16,"s:71:4:71:Infinity":17,"s:75:2:75:Infinity":18,"f:83:16:83:28":3,"s:84:15:84:Infinity":19,"s:85:8:85:Infinity":20,"s:86:2:86:Infinity":21}}}
}
